This file contains any messages produced by compilers while
running configure, to aid debugging if configure makes a mistake.

It was created by systemc configure 2.3.0, which was
generated by GNU Autoconf 2.61.  Invocation command line was

  $ ../configure 

## --------- ##
## Platform. ##
## --------- ##

hostname = MacBook
uname -m = x86_64
uname -r = 5.4.0-42-generic
uname -s = Linux
uname -v = #46~18.04.1-Ubuntu SMP Fri Jul 10 07:21:24 UTC 2020

/usr/bin/uname -p = unknown
/bin/uname -X     = unknown

/bin/arch              = unknown
/usr/bin/arch -k       = unknown
/usr/convex/getsysinfo = unknown
/usr/bin/hostinfo      = unknown
/bin/machine           = unknown
/usr/bin/oslevel       = unknown
/bin/universe          = unknown

PATH: /home/sultan-mb/.local/bin
PATH: /usr/local/sbin
PATH: /usr/local/bin
PATH: /usr/sbin
PATH: /usr/bin
PATH: /sbin
PATH: /bin
PATH: /usr/games
PATH: /usr/local/games
PATH: /snap/bin
PATH: /usr/local/cuda/bin
PATH: /home/sultan-mb/bin
PATH: /usr/local/go/bin
PATH: /home/sultan-mb/go/bin
PATH: /home/sultan-mb/.local/bin
PATH: /usr/local/bin/


## ----------- ##
## Core tests. ##
## ----------- ##

configure:1869: checking build system type
configure:1887: result: x86_64-unknown-linux-gnu
configure:1909: checking host system type
configure:1924: result: x86_64-unknown-linux-gnu
configure:1946: checking target system type
configure:1961: result: x86_64-unknown-linux-gnu
configure:2004: checking for a BSD-compatible install
configure:2060: result: /usr/bin/install -c
configure:2071: checking whether build environment is sane
configure:2114: result: yes
configure:2142: checking for a thread-safe mkdir -p
configure:2181: result: /bin/mkdir -p
configure:2194: checking for gawk
configure:2210: found /usr/bin/gawk
configure:2221: result: gawk
configure:2232: checking whether make sets $(MAKE)
configure:2253: result: yes
configure:2445: checking for style of include used by make
configure:2473: result: GNU
configure:2543: checking for gcc
configure:2559: found /usr/bin/gcc
configure:2570: result: gcc
configure:2808: checking for C compiler version
configure:2815: gcc --version >&5
gcc (Ubuntu 7.5.0-3ubuntu1~18.04) 7.5.0
Copyright (C) 2017 Free Software Foundation, Inc.
This is free software; see the source for copying conditions.  There is NO
warranty; not even for MERCHANTABILITY or FITNESS FOR A PARTICULAR PURPOSE.

configure:2818: $? = 0
configure:2825: gcc -v >&5
Using built-in specs.
COLLECT_GCC=gcc
COLLECT_LTO_WRAPPER=/usr/lib/gcc/x86_64-linux-gnu/7/lto-wrapper
OFFLOAD_TARGET_NAMES=nvptx-none
OFFLOAD_TARGET_DEFAULT=1
Target: x86_64-linux-gnu
Configured with: ../src/configure -v --with-pkgversion='Ubuntu 7.5.0-3ubuntu1~18.04' --with-bugurl=file:///usr/share/doc/gcc-7/README.Bugs --enable-languages=c,ada,c++,go,brig,d,fortran,objc,obj-c++ --prefix=/usr --with-gcc-major-version-only --program-suffix=-7 --program-prefix=x86_64-linux-gnu- --enable-shared --enable-linker-build-id --libexecdir=/usr/lib --without-included-gettext --enable-threads=posix --libdir=/usr/lib --enable-nls --enable-bootstrap --enable-clocale=gnu --enable-libstdcxx-debug --enable-libstdcxx-time=yes --with-default-libstdcxx-abi=new --enable-gnu-unique-object --disable-vtable-verify --enable-libmpx --enable-plugin --enable-default-pie --with-system-zlib --with-target-system-zlib --enable-objc-gc=auto --enable-multiarch --disable-werror --with-arch-32=i686 --with-abi=m64 --with-multilib-list=m32,m64,mx32 --enable-multilib --with-tune=generic --enable-offload-targets=nvptx-none --without-cuda-driver --enable-checking=release --build=x86_64-linux-gnu --host=x86_64-linux-gnu --target=x86_64-linux-gnu
Thread model: posix
gcc version 7.5.0 (Ubuntu 7.5.0-3ubuntu1~18.04) 
configure:2828: $? = 0
configure:2835: gcc -V >&5
gcc: error: unrecognized command line option '-V'
gcc: fatal error: no input files
compilation terminated.
configure:2838: $? = 1
configure:2861: checking for C compiler default output file name
configure:2888: gcc    conftest.c  >&5
configure:2891: $? = 0
configure:2929: result: a.out
configure:2946: checking whether the C compiler works
configure:2956: ./a.out
configure:2959: $? = 0
configure:2976: result: yes
configure:2983: checking whether we are cross compiling
configure:2985: result: no
configure:2988: checking for suffix of executables
configure:2995: gcc -o conftest    conftest.c  >&5
configure:2998: $? = 0
configure:3022: result: 
configure:3028: checking for suffix of object files
configure:3054: gcc -c   conftest.c >&5

## ---------------- ##
## Cache variables. ##
## ---------------- ##

ac_cv_build=x86_64-unknown-linux-gnu
ac_cv_env_CCASFLAGS_set=
ac_cv_env_CCASFLAGS_value=
ac_cv_env_CCAS_set=
ac_cv_env_CCAS_value=
ac_cv_env_CCC_set=
ac_cv_env_CCC_value=
ac_cv_env_CC_set=
ac_cv_env_CC_value=
ac_cv_env_CFLAGS_set=
ac_cv_env_CFLAGS_value=
ac_cv_env_CPPFLAGS_set=
ac_cv_env_CPPFLAGS_value=
ac_cv_env_CPP_set=
ac_cv_env_CPP_value=
ac_cv_env_CXXCPP_set=
ac_cv_env_CXXCPP_value=
ac_cv_env_CXXFLAGS_set=
ac_cv_env_CXXFLAGS_value=
ac_cv_env_CXX_set=set
ac_cv_env_CXX_value=g++
ac_cv_env_LDFLAGS_set=
ac_cv_env_LDFLAGS_value=
ac_cv_env_LIBS_set=
ac_cv_env_LIBS_value=
ac_cv_env_build_alias_set=
ac_cv_env_build_alias_value=
ac_cv_env_host_alias_set=
ac_cv_env_host_alias_value=
ac_cv_env_target_alias_set=
ac_cv_env_target_alias_value=
ac_cv_host=x86_64-unknown-linux-gnu
ac_cv_path_install='/usr/bin/install -c'
ac_cv_path_mkdir=/bin/mkdir
ac_cv_prog_AWK=gawk
ac_cv_prog_ac_ct_CC=gcc
ac_cv_prog_make_make_set=yes
ac_cv_target=x86_64-unknown-linux-gnu

## ----------------- ##
## Output variables. ##
## ----------------- ##

ACLOCAL='${SHELL} /home/sultan-mb/Documents/qemu_system_integration/src/systemc/config/missing --run aclocal-1.10'
AMDEPBACKSLASH='\'
AMDEP_FALSE='#'
AMDEP_TRUE=''
AMTAR='${SHELL} /home/sultan-mb/Documents/qemu_system_integration/src/systemc/config/missing --run tar'
AM_CFLAGS=''
AM_CXXFLAGS=''
AR=''
AUTOCONF='${SHELL} /home/sultan-mb/Documents/qemu_system_integration/src/systemc/config/missing --run autoconf'
AUTOHEADER='${SHELL} /home/sultan-mb/Documents/qemu_system_integration/src/systemc/config/missing --run autoheader'
AUTOMAKE='${SHELL} /home/sultan-mb/Documents/qemu_system_integration/src/systemc/config/missing --run automake-1.10'
AWK='gawk'
CC='gcc'
CCAS=''
CCASDEPMODE=''
CCASFLAGS=''
CCDEPMODE=''
CFLAGS=''
CPP=''
CPPFLAGS=''
CXX='g++'
CXXCPP=''
CXXDEPMODE=''
CXXFLAGS=''
CYGPATH_W='echo'
DEBUG_CXXFLAGS=''
DEFS=''
DEPDIR='.deps'
DSYMUTIL=''
DUMPBIN=''
ECHO_C=''
ECHO_N='-n'
ECHO_T=''
EGREP=''
EXEEXT=''
EXTRA_CXXFLAGS=''
FGREP=''
GREP=''
INSTALL_DATA='${INSTALL} -m 644'
INSTALL_PROGRAM='${INSTALL}'
INSTALL_SCRIPT='${INSTALL}'
INSTALL_STRIP_PROGRAM='$(install_sh) -c -s'
LD=''
LDFLAGS=''
LIBOBJS=''
LIBS=''
LIBTOOL=''
LIPO=''
LN_S=''
LTLIBOBJS=''
MAKEINFO='${SHELL} /home/sultan-mb/Documents/qemu_system_integration/src/systemc/config/missing --run makeinfo'
NM=''
NMEDIT=''
OBJDUMP=''
OBJEXT=''
OPT_CXXFLAGS=''
OTOOL64=''
OTOOL=''
PACKAGE='systemc'
PACKAGE_BUGREPORT=''
PACKAGE_NAME='systemc'
PACKAGE_STRING='systemc 2.3.0'
PACKAGE_TARNAME='systemc'
PACKAGE_VERSION='2.3.0'
PATH_SEPARATOR=':'
QT_ARCH=''
QT_ARCH_HPPA_FALSE=''
QT_ARCH_HPPA_TRUE=''
QT_ARCH_POWERPC_MACOSX_FALSE=''
QT_ARCH_POWERPC_MACOSX_TRUE=''
QT_ARCH_SPARC_FALSE=''
QT_ARCH_SPARC_TRUE=''
QT_ARCH_X86_64_FALSE=''
QT_ARCH_X86_64_TRUE=''
QT_ARCH_X86_FALSE=''
QT_ARCH_X86_TRUE=''
RANLIB=''
SED=''
SET_MAKE=''
SHELL='/bin/bash'
STRIP=''
TARGET_ARCH=''
VERSION='2.3.0'
ac_ct_CC='gcc'
ac_ct_CXX=''
ac_ct_DUMPBIN=''
am__fastdepCCAS_FALSE=''
am__fastdepCCAS_TRUE=''
am__fastdepCC_FALSE=''
am__fastdepCC_TRUE=''
am__fastdepCXX_FALSE=''
am__fastdepCXX_TRUE=''
am__include='include'
am__isrc=' -I$(srcdir)'
am__leading_dot='.'
am__quote=''
am__tar='${AMTAR} chof - "$$tardir"'
am__untar='${AMTAR} xf -'
bindir='${exec_prefix}/bin'
build='x86_64-unknown-linux-gnu'
build_alias=''
build_cpu='x86_64'
build_os='linux-gnu'
build_vendor='unknown'
datadir='${datarootdir}'
datarootdir='${prefix}/share'
docdir='${datarootdir}/doc/${PACKAGE_TARNAME}'
dvidir='${docdir}'
exec_prefix='NONE'
host='x86_64-unknown-linux-gnu'
host_alias=''
host_cpu='x86_64'
host_os='linux-gnu'
host_vendor='unknown'
htmldir='${docdir}'
includedir='${prefix}/include'
infodir='${datarootdir}/info'
install_sh='$(SHELL) /home/sultan-mb/Documents/qemu_system_integration/src/systemc/config/install-sh'
libdir='${exec_prefix}/lib'
libexecdir='${exec_prefix}/libexec'
localedir='${datarootdir}/locale'
localstatedir='${prefix}/var'
mandir='${datarootdir}/man'
mkdir_p='/bin/mkdir -p'
oldincludedir='/usr/include'
pdfdir='${docdir}'
prefix='NONE'
program_transform_name='s,x,x,'
psdir='${docdir}'
sbindir='${exec_prefix}/sbin'
sharedstatedir='${prefix}/com'
sysconfdir='${prefix}/etc'
target='x86_64-unknown-linux-gnu'
target_alias=''
target_cpu='x86_64'
target_os='linux-gnu'
target_vendor='unknown'

## ----------- ##
## confdefs.h. ##
## ----------- ##

#define PACKAGE_NAME "systemc"
#define PACKAGE_TARNAME "systemc"
#define PACKAGE_VERSION "2.3.0"
#define PACKAGE_STRING "systemc 2.3.0"
#define PACKAGE_BUGREPORT ""

configure: caught signal 2
configure: exit 1
